<?xml version="1.0" encoding="UTF-8"?>
<testsuite xmlns:xsi="http://www.w3.org/2001/XMLSchema-instance" xsi:noNamespaceSchemaLocation="https://maven.apache.org/surefire/maven-surefire-plugin/xsd/surefire-test-report-3.0.xsd" version="3.0" name="fr.epsi.service.CommandeServiceTest" time="0.044" tests="7" errors="0" skipped="0" failures="0">
  <properties>
[...]
</properties>
  <testcase name="calculerTotal_PanierNull_DeclencheException" classname="fr.epsi.service.CommandeServiceTest" time="0.014"/>
  <testcase name="calculerTotal_PanierVide_DeclencheException" classname="fr.epsi.service.CommandeServiceTest" time="0.001"/>
  <testcase name="categoriserCommande_Total40_RetournePetite" classname="fr.epsi.service.CommandeServiceTest" time="0.002"/>
  <testcase name="categoriserCommande_Total100_RetourneMoyenne" classname="fr.epsi.service.CommandeServiceTest" time="0.001"/>
  <testcase name="categoriserCommande_Total250_RetourneGrande" classname="fr.epsi.service.CommandeServiceTest" time="0.001"/>
  <testcase name="appliquerRemise_Total100_Remise10_Retourne90" classname="fr.epsi.service.CommandeServiceTest" time="0.0"/>
  <testcase name="calculerTotal_TroisStylos_RetourneSix" classname="fr.epsi.service.CommandeServiceTest" time="0.002"/>
</testsuite>